<?xml version="1.0" encoding="UTF-8"?>
<!-- Generated by org.testng.reporters.JUnitReportReporter -->
<testsuite hostname="DESKTOP-U7KGGEJ" failures="0" tests="1" name="com.assessment.SmallCase.Scripts.FlipkartVSAmazon" time="75.073" errors="0" timestamp="2023-01-03T12:21:40 IST" skipped="0">
  <testcase classname="com.assessment.SmallCase.Scripts.FlipkartVSAmazon" name="scenario2" time="75.073"/>
  <system-out/>
</testsuite> <!-- com.assessment.SmallCase.Scripts.FlipkartVSAmazon -->
